<?xml version="1.0" encoding="UTF-8"?>
<!-- Generated by org.testng.reporters.JUnitReportReporter -->
<testsuite hostname="DESKTOP-AUQI9P7" failures="0" tests="2" name="com.TestRunner.SeleniumEasyTestRunnerTest" time="18.874" errors="0" timestamp="2021-08-27T13:20:40 IST" skipped="0">
  <testcase classname="com.TestRunner.SeleniumEasyTestRunnerTest" name="runScenario" time="8.942"/>
  <system-out/>
  <testcase classname="com.TestRunner.SeleniumEasyTestRunnerTest" name="runScenario" time="9.932"/>
  <system-out/>
</testsuite> <!-- com.TestRunner.SeleniumEasyTestRunnerTest -->
