<?xml version="1.0" encoding="UTF-8"?>
<!-- Generated by org.testng.reporters.JUnitReportReporter -->
<testsuite hostname="DESKTOP-AUQI9P7" failures="0" tests="1" name="com.TestRunner.SeleniumEasyTestRunner" time="13.129" errors="0" timestamp="2021-09-02T15:38:04 IST" skipped="0">
  <testcase classname="com.TestRunner.SeleniumEasyTestRunner" name="runScenario" time="13.129"/>
  <system-out/>
</testsuite> <!-- com.TestRunner.SeleniumEasyTestRunner -->
